[debug] [2025-11-29T22:22:21.084Z] ----------------------------------------------------------------------
[debug] [2025-11-29T22:22:21.095Z] Command:       /opt/homebrew/Cellar/node/23.11.0/bin/node /opt/homebrew/bin/firebase deploy
[debug] [2025-11-29T22:22:21.095Z] CLI Version:   14.25.0
[debug] [2025-11-29T22:22:21.096Z] Platform:      darwin
[debug] [2025-11-29T22:22:21.096Z] Node Version:  v23.11.0
[debug] [2025-11-29T22:22:21.096Z] Time:          Sun Nov 30 2025 01:22:21 GMT+0300 (GMT+03:00)
[debug] [2025-11-29T22:22:21.096Z] ----------------------------------------------------------------------
[debug] 
[debug] [2025-11-29T22:22:21.200Z] > command requires scopes: ["email","openid","https://www.googleapis.com/auth/cloudplatformprojects.readonly","https://www.googleapis.com/auth/firebase","https://www.googleapis.com/auth/cloud-platform"]
[debug] [2025-11-29T22:22:21.200Z] > authorizing via signed-in user (ibrahimunalofficial@gmail.com)
[debug] [2025-11-29T22:22:21.200Z] [iam] checking project yazicim-2e5b4 for permissions ["datastore.indexes.create","datastore.indexes.delete","datastore.indexes.list","datastore.indexes.update","firebase.projects.get","firebasedatabase.instances.update","firebasehosting.sites.update","firebaserules.releases.create","firebaserules.releases.update","firebaserules.rulesets.create"]
[debug] [2025-11-29T22:22:21.201Z] Checked if tokens are valid: false, expires at: 1764455619115
[debug] [2025-11-29T22:22:21.201Z] Checked if tokens are valid: false, expires at: 1764455619115
[debug] [2025-11-29T22:22:21.201Z] > refreshing access token with scopes: []
[debug] [2025-11-29T22:22:21.202Z] >>> [apiv2][query] POST https://www.googleapis.com/oauth2/v3/token [none]
[debug] [2025-11-29T22:22:21.202Z] >>> [apiv2][body] POST https://www.googleapis.com/oauth2/v3/token [omitted]
[debug] [2025-11-29T22:22:21.531Z] <<< [apiv2][status] POST https://www.googleapis.com/oauth2/v3/token 200
[debug] [2025-11-29T22:22:21.531Z] <<< [apiv2][body] POST https://www.googleapis.com/oauth2/v3/token [omitted]
[debug] [2025-11-29T22:22:21.543Z] >>> [apiv2][query] POST https://cloudresourcemanager.googleapis.com/v1/projects/yazicim-2e5b4:testIamPermissions [none]
[debug] [2025-11-29T22:22:21.543Z] >>> [apiv2][(partial)header] POST https://cloudresourcemanager.googleapis.com/v1/projects/yazicim-2e5b4:testIamPermissions x-goog-quota-user=projects/yazicim-2e5b4
[debug] [2025-11-29T22:22:21.543Z] >>> [apiv2][body] POST https://cloudresourcemanager.googleapis.com/v1/projects/yazicim-2e5b4:testIamPermissions {"permissions":["datastore.indexes.create","datastore.indexes.delete","datastore.indexes.list","datastore.indexes.update","firebase.projects.get","firebasedatabase.instances.update","firebasehosting.sites.update","firebaserules.releases.create","firebaserules.releases.update","firebaserules.rulesets.create"]}
[debug] [2025-11-29T22:22:21.975Z] <<< [apiv2][status] POST https://cloudresourcemanager.googleapis.com/v1/projects/yazicim-2e5b4:testIamPermissions 200
[debug] [2025-11-29T22:22:21.976Z] <<< [apiv2][body] POST https://cloudresourcemanager.googleapis.com/v1/projects/yazicim-2e5b4:testIamPermissions {"permissions":["datastore.indexes.create","datastore.indexes.delete","datastore.indexes.list","datastore.indexes.update","firebase.projects.get","firebasedatabase.instances.update","firebasehosting.sites.update","firebaserules.releases.create","firebaserules.releases.update","firebaserules.rulesets.create"]}
[debug] [2025-11-29T22:22:21.976Z] Checked if tokens are valid: true, expires at: 1764458540531
[debug] [2025-11-29T22:22:21.976Z] Checked if tokens are valid: true, expires at: 1764458540531
[debug] [2025-11-29T22:22:21.976Z] >>> [apiv2][query] GET https://firebase.googleapis.com/v1beta1/projects/yazicim-2e5b4 [none]
[debug] [2025-11-29T22:22:22.453Z] <<< [apiv2][status] GET https://firebase.googleapis.com/v1beta1/projects/yazicim-2e5b4 200
[debug] [2025-11-29T22:22:22.453Z] <<< [apiv2][body] GET https://firebase.googleapis.com/v1beta1/projects/yazicim-2e5b4 {"projectId":"yazicim-2e5b4","projectNumber":"718069838642","displayName":"yazicim","name":"projects/yazicim-2e5b4","resources":{"hostingSite":"yazicim-2e5b4","realtimeDatabaseInstance":"yazicim-2e5b4-default-rtdb"},"state":"ACTIVE","etag":"1_da80e8f7-5384-41df-8174-f0c61dd8c35a"}
[debug] [2025-11-29T22:22:22.453Z] Checked if tokens are valid: true, expires at: 1764458540531
[debug] [2025-11-29T22:22:22.453Z] Checked if tokens are valid: true, expires at: 1764458540531
[debug] [2025-11-29T22:22:22.453Z] >>> [apiv2][query] GET https://firebase.googleapis.com/v1beta1/projects/yazicim-2e5b4 [none]
[debug] [2025-11-29T22:22:22.716Z] <<< [apiv2][status] GET https://firebase.googleapis.com/v1beta1/projects/yazicim-2e5b4 200
[debug] [2025-11-29T22:40:45.434Z] ----------------------------------------------------------------------
[debug] [2025-11-29T22:40:45.435Z] Command:       /opt/homebrew/Cellar/node/23.11.0/bin/node /opt/homebrew/bin/firebase deploy
[debug] [2025-11-29T22:40:45.436Z] CLI Version:   14.25.0
[debug] [2025-11-29T22:40:45.436Z] Platform:      darwin
[debug] [2025-11-29T22:40:45.436Z] Node Version:  v23.11.0
[debug] [2025-11-29T22:40:45.436Z] Time:          Sun Nov 30 2025 01:40:45 GMT+0300 (GMT+03:00)
[debug] [2025-11-29T22:40:45.436Z] ----------------------------------------------------------------------
[debug] 
[debug] [2025-11-29T22:40:45.534Z] > command requires scopes: ["email","openid","https://www.googleapis.com/auth/cloudplatformprojects.readonly","https://www.googleapis.com/auth/firebase","https://www.googleapis.com/auth/cloud-platform"]
[debug] [2025-11-29T22:40:45.534Z] > authorizing via signed-in user (ibrahimunalofficial@gmail.com)
[debug] [2025-11-29T22:40:45.534Z] [iam] checking project yazicim-2e5b4 for permissions ["datastore.indexes.create","datastore.indexes.delete","datastore.indexes.list","datastore.indexes.update","firebase.projects.get","firebasedatabase.instances.update","firebasehosting.sites.update","firebaserules.releases.create","firebaserules.releases.update","firebaserules.rulesets.create"]
[debug] [2025-11-29T22:40:45.535Z] Checked if tokens are valid: true, expires at: 1764458540531
[debug] [2025-11-29T22:40:45.535Z] Checked if tokens are valid: true, expires at: 1764458540531
[debug] [2025-11-29T22:40:45.535Z] >>> [apiv2][query] POST https://cloudresourcemanager.googleapis.com/v1/projects/yazicim-2e5b4:testIamPermissions [none]
[debug] [2025-11-29T22:40:45.535Z] >>> [apiv2][(partial)header] POST https://cloudresourcemanager.googleapis.com/v1/projects/yazicim-2e5b4:testIamPermissions x-goog-quota-user=projects/yazicim-2e5b4
[debug] [2025-11-29T22:40:45.535Z] >>> [apiv2][body] POST https://cloudresourcemanager.googleapis.com/v1/projects/yazicim-2e5b4:testIamPermissions {"permissions":["datastore.indexes.create","datastore.indexes.delete","datastore.indexes.list","datastore.indexes.update","firebase.projects.get","firebasedatabase.instances.update","firebasehosting.sites.update","firebaserules.releases.create","firebaserules.releases.update","firebaserules.rulesets.create"]}
[debug] [2025-11-29T22:40:46.474Z] <<< [apiv2][status] POST https://cloudresourcemanager.googleapis.com/v1/projects/yazicim-2e5b4:testIamPermissions 200
[debug] [2025-11-29T22:40:46.474Z] <<< [apiv2][body] POST https://cloudresourcemanager.googleapis.com/v1/projects/yazicim-2e5b4:testIamPermissions {"permissions":["datastore.indexes.create","datastore.indexes.delete","datastore.indexes.list","datastore.indexes.update","firebase.projects.get","firebasedatabase.instances.update","firebasehosting.sites.update","firebaserules.releases.create","firebaserules.releases.update","firebaserules.rulesets.create"]}
[debug] [2025-11-29T22:40:46.475Z] Checked if tokens are valid: true, expires at: 1764458540531
[debug] [2025-11-29T22:40:46.475Z] Checked if tokens are valid: true, expires at: 1764458540531
[debug] [2025-11-29T22:40:46.476Z] >>> [apiv2][query] GET https://firebase.googleapis.com/v1beta1/projects/yazicim-2e5b4 [none]
[debug] [2025-11-29T22:40:46.940Z] <<< [apiv2][status] GET https://firebase.googleapis.com/v1beta1/projects/yazicim-2e5b4 200
[debug] [2025-11-29T22:40:46.941Z] <<< [apiv2][body] GET https://firebase.googleapis.com/v1beta1/projects/yazicim-2e5b4 {"projectId":"yazicim-2e5b4","projectNumber":"718069838642","displayName":"yazicim","name":"projects/yazicim-2e5b4","resources":{"hostingSite":"yazicim-2e5b4","realtimeDatabaseInstance":"yazicim-2e5b4-default-rtdb"},"state":"ACTIVE","etag":"1_da80e8f7-5384-41df-8174-f0c61dd8c35a"}
[debug] [2025-11-29T22:40:46.941Z] Checked if tokens are valid: true, expires at: 1764458540531
[debug] [2025-11-29T22:40:46.941Z] Checked if tokens are valid: true, expires at: 1764458540531
[debug] [2025-11-29T22:40:46.941Z] >>> [apiv2][query] GET https://firebase.googleapis.com/v1beta1/projects/yazicim-2e5b4 [none]
[debug] [2025-11-29T22:40:47.155Z] <<< [apiv2][status] GET https://firebase.googleapis.com/v1beta1/projects/yazicim-2e5b4 200
[debug] [2025-11-29T22:40:47.156Z] <<< [apiv2][body] GET https://firebase.googleapis.com/v1beta1/projects/yazicim-2e5b4 {"projectId":"yazicim-2e5b4","projectNumber":"718069838642","displayName":"yazicim","name":"projects/yazicim-2e5b4","resources":{"hostingSite":"yazicim-2e5b4","realtimeDatabaseInstance":"yazicim-2e5b4-default-rtdb"},"state":"ACTIVE","etag":"1_da80e8f7-5384-41df-8174-f0c61dd8c35a"}
[debug] [2025-11-29T22:40:48.013Z] defaultcredentials: writing to file /Users/ibrahimunal/.config/firebase/ibrahimunalofficial_gmail_com_application_default_credentials.json
[debug] [2025-11-29T22:40:48.014Z] Checked if tokens are valid: true, expires at: 1764458540531
[debug] [2025-11-29T22:40:48.014Z] Checked if tokens are valid: true, expires at: 1764458540531
[debug] [2025-11-29T22:40:48.014Z] >>> [apiv2][query] GET https://firebasehosting.googleapis.com/v1beta1/projects/yazicim-2e5b4/sites pageToken=&pageSize=10
[debug] [2025-11-29T22:40:49.185Z] <<< [apiv2][status] GET https://firebasehosting.googleapis.com/v1beta1/projects/yazicim-2e5b4/sites 200
[debug] [2025-11-29T22:40:49.185Z] <<< [apiv2][body] GET https://firebasehosting.googleapis.com/v1beta1/projects/yazicim-2e5b4/sites {"sites":[{"name":"projects/yazicim-2e5b4/sites/yazicim-2e5b4","defaultUrl":"https://yazicim-2e5b4.web.app","appId":"1:718069838642:web:e7ccf065b28305400a5d2b","type":"DEFAULT_SITE"}]}
[debug] [2025-11-29T22:40:49.185Z] Checked if tokens are valid: true, expires at: 1764458540531
[debug] [2025-11-29T22:40:49.185Z] Checked if tokens are valid: true, expires at: 1764458540531
[debug] [2025-11-29T22:40:49.185Z] >>> [apiv2][query] GET https://firebase.googleapis.com/v1beta1/projects/-/webApps/1:718069838642:web:e7ccf065b28305400a5d2b/config [none]
[debug] [2025-11-29T22:40:49.667Z] <<< [apiv2][status] GET https://firebase.googleapis.com/v1beta1/projects/-/webApps/1:718069838642:web:e7ccf065b28305400a5d2b/config 200
[debug] [2025-11-29T22:40:49.668Z] <<< [apiv2][body] GET https://firebase.googleapis.com/v1beta1/projects/-/webApps/1:718069838642:web:e7ccf065b28305400a5d2b/config {"projectId":"yazicim-2e5b4","appId":"1:718069838642:web:e7ccf065b28305400a5d2b","databaseURL":"https://yazicim-2e5b4-default-rtdb.europe-west1.firebasedatabase.app","storageBucket":"yazicim-2e5b4.firebasestorage.app","apiKey":"AIzaSyBsAFKCQBh7TegmExnIg-mP57OXTkwfR-w","authDomain":"yazicim-2e5b4.firebaseapp.com","messagingSenderId":"718069838642","measurementId":"G-WC5KN9HXB4","projectNumber":"718069838642","version":"2"}
[info] 
   Thank you for trying our early preview of Next.js support on Firebase Hosting.
   During the preview, support is best-effort and breaking changes can be expected. Proceed with caution.
   The integration is known to work with Next.js version 12 - 15.0. You may encounter errors.

   Documentation: https://firebase.google.com/docs/hosting/frameworks/nextjs
   File a bug: https://github.com/firebase/firebase-tools/issues/new?template=bug_report.md
   Submit a feature request: https://github.com/firebase/firebase-tools/issues/new?template=feature_request.md

   We'd love to learn from you. Express your interest in helping us shape the future of Firebase Hosting: https://goo.gle/41enW5X

[debug] [2025-11-29T22:40:51.181Z] Checked if tokens are valid: true, expires at: 1764458540531
[debug] [2025-11-29T22:40:51.182Z] Checked if tokens are valid: true, expires at: 1764458540531
[debug] [2025-11-29T22:40:51.182Z] >>> [apiv2][query] GET https://firebasehosting.googleapis.com/v1beta1/projects/yazicim-2e5b4/sites/yazicim-2e5b4 [none]
